07:06:48.287 [main] INFO  multitier_log_agent.log_server.output.OutputXesfileStream - 	Writing streaming xes logfile output to: file.xes
07:06:48.342 [main] INFO  multitier_log_agent.log_server.ServerApi - Setting up server...
07:06:48.365 [main] INFO  multitier_log_agent.log_server.ServerApi - Start server...
07:06:48.366 [Thread-1] INFO  multitier_log_agent.log_server.model.ServerTCP - TCP Server is listening on port 9963
07:07:52.989 [main] INFO  multitier_log_agent.log_server.ServerApi - Shutting down...
07:07:52.989 [Thread-1] ERROR multitier_log_agent.log_server.model.ServerTCP - can not setup server
java.net.SocketException: socket closed
	at java.net.DualStackPlainSocketImpl.accept0(Native Method) ~[?:1.8.0_152]
	at java.net.DualStackPlainSocketImpl.socketAccept(DualStackPlainSocketImpl.java:131) ~[?:1.8.0_152]
	at java.net.AbstractPlainSocketImpl.accept(AbstractPlainSocketImpl.java:409) ~[?:1.8.0_152]
	at java.net.PlainSocketImpl.accept(PlainSocketImpl.java:199) ~[?:1.8.0_152]
	at java.net.ServerSocket.implAccept(ServerSocket.java:545) ~[?:1.8.0_152]
	at java.net.ServerSocket.accept(ServerSocket.java:513) ~[?:1.8.0_152]
	at multitier_log_agent.log_server.model.ServerTCP.run(ServerTCP.java:56) [classes/:?]
	at java.lang.Thread.run(Thread.java:748) [?:1.8.0_152]
07:07:52.999 [main] INFO  multitier_log_agent.log_server.ServerApi - Shutdown complete
07:09:54.844 [main] INFO  multitier_log_agent.log_server.output.OutputLogfile - 	Writing txt logfile output to: log.txt
07:09:54.844 [main] INFO  multitier_log_agent.log_server.ServerApi - Setting up server...
07:09:54.864 [main] INFO  multitier_log_agent.log_server.ServerApi - Start server...
07:09:54.864 [Thread-1] INFO  multitier_log_agent.log_server.model.ServerTCP - TCP Server is listening on port 9963
07:09:59.585 [Thread-1] INFO  multitier_log_agent.log_server.model.ServerTCP - New client connection accepted /127.0.0.1:50130
07:09:59.624 [Thread-2] DEBUG multitier_log_agent.log_server.model.StreamWorker - Start new case #1 for session 1fe2f76d-b17c-4f7f-974c-7a2b6964d11a
07:10:14.244 [main] INFO  multitier_log_agent.log_server.ServerApi - Shutting down...
07:10:14.244 [Thread-1] ERROR multitier_log_agent.log_server.model.ServerTCP - can not setup server
java.net.SocketException: socket closed
	at java.net.DualStackPlainSocketImpl.accept0(Native Method) ~[?:1.8.0_152]
	at java.net.DualStackPlainSocketImpl.socketAccept(DualStackPlainSocketImpl.java:131) ~[?:1.8.0_152]
	at java.net.AbstractPlainSocketImpl.accept(AbstractPlainSocketImpl.java:409) ~[?:1.8.0_152]
	at java.net.PlainSocketImpl.accept(PlainSocketImpl.java:199) ~[?:1.8.0_152]
	at java.net.ServerSocket.implAccept(ServerSocket.java:545) ~[?:1.8.0_152]
	at java.net.ServerSocket.accept(ServerSocket.java:513) ~[?:1.8.0_152]
	at multitier_log_agent.log_server.model.ServerTCP.run(ServerTCP.java:56) [classes/:?]
	at java.lang.Thread.run(Thread.java:748) [?:1.8.0_152]
07:10:14.244 [main] INFO  multitier_log_agent.log_server.ServerApi - Shutdown complete
